<?xml version="1.0" encoding="UTF-8"?>
<!-- Generated by org.testng.reporters.JUnitReportReporter -->
<testsuite hostname="Yashi-BStat" failures="0" tests="4" name="com.OHRMCapstone.Scenario1Capstone" time="25.559" errors="0" timestamp="2024-12-13T22:18:53 IST" skipped="0">
  <testcase classname="com.OHRMCapstone.Scenario1Capstone" name="LoginTestOHRM" time="5.526"/>
  <testcase classname="com.OHRMCapstone.Scenario1Capstone" name="LoginTestOHRM" time="9.344"/>
  <testcase classname="com.OHRMCapstone.Scenario1Capstone" name="LoginTestOHRM" time="5.396"/>
  <testcase classname="com.OHRMCapstone.Scenario1Capstone" name="LoginTestOHRM" time="5.293"/>
</testsuite> <!-- com.OHRMCapstone.Scenario1Capstone -->
