<?xml version="1.0" encoding="UTF-8"?>
<!-- Generated by org.testng.reporters.JUnitReportReporter -->
<testsuite hostname="Yashi-BStat" failures="0" tests="4" name="OHRMCapstone.Scenario1Capstone" time="14.432" errors="0" timestamp="2024-12-11T12:10:53 IST" skipped="0">
  <testcase classname="OHRMCapstone.Scenario1Capstone" name="LoginTestOHRM" time="1.883"/>
  <testcase classname="OHRMCapstone.Scenario1Capstone" name="LoginTestOHRM" time="8.537"/>
  <testcase classname="OHRMCapstone.Scenario1Capstone" name="LoginTestOHRM" time="1.944"/>
  <testcase classname="OHRMCapstone.Scenario1Capstone" name="LoginTestOHRM" time="2.068"/>
</testsuite> <!-- OHRMCapstone.Scenario1Capstone -->
