<?xml version="1.0" encoding="UTF-8"?>
<!-- Generated by org.testng.reporters.JUnitReportReporter -->
<testsuite hostname="Yashi-BStat" failures="0" tests="4" name="com.OHRMCapstone.Scenario2testClass" time="13.492" errors="0" timestamp="2024-12-15T20:39:29 IST" skipped="0">
  <testcase classname="com.OHRMCapstone.Scenario2testClass" name="Test1" time="4.417"/>
  <testcase classname="com.OHRMCapstone.Scenario2testClass" name="Test2" time="1.653"/>
  <testcase classname="com.OHRMCapstone.Scenario2testClass" name="Test4" time="4.380"/>
  <testcase classname="com.OHRMCapstone.Scenario2testClass" name="Test3" time="3.042"/>
</testsuite> <!-- com.OHRMCapstone.Scenario2testClass -->
