<?xml version="1.0" encoding="UTF-8"?>
<!-- Generated by org.testng.reporters.JUnitReportReporter -->
<testsuite hostname="Yashi-BStat" failures="0" tests="4" name="OHRMScenario2.NewTest" time="9.222" errors="0" timestamp="2024-12-05T16:20:06 IST" skipped="0">
  <testcase classname="OHRMScenario2.NewTest" name="Test3" time="1.583"/>
  <testcase classname="OHRMScenario2.NewTest" name="Test4" time="3.776"/>
  <testcase classname="OHRMScenario2.NewTest" name="Test1" time="2.157"/>
  <testcase classname="OHRMScenario2.NewTest" name="Test2" time="1.706"/>
</testsuite> <!-- OHRMScenario2.NewTest -->
